2026-01-29 21:24:38,958 INFO  automation.framework.base.BaseTest - ==========Initializing test execution===========
2026-01-29 21:24:38,958 INFO  automation.framework.base.BaseTest - ==========Initializing test execution===========
2026-01-29 21:24:38,962 INFO  automation.framework.base.BaseTest - ===Launching browser===: chrome
2026-01-29 21:24:38,962 INFO  automation.framework.base.BaseTest - ===Launching browser===: chrome
2026-01-29 21:24:39,820 INFO  automation.framework.base.BaseTest - ==========Initializing test execution===========
2026-01-29 21:24:39,821 INFO  automation.framework.base.BaseTest - ===Launching browser===: chrome
2026-01-29 21:24:50,026 INFO  automation.framework.pages.LoginPage - Entering username
2026-01-29 21:24:50,157 INFO  automation.framework.pages.LoginPage - Entering password
2026-01-29 21:24:50,262 INFO  automation.framework.pages.LoginPage - clicking login button
2026-01-29 21:24:54,689 INFO  automation.framework.pages.LoginPage - Entering username
2026-01-29 21:24:54,819 INFO  automation.framework.pages.LoginPage - Entering password
2026-01-29 21:24:54,953 INFO  automation.framework.pages.LoginPage - clicking login button
2026-01-29 21:24:55,287 INFO  automation.framework.pages.LoginPage - Entering username
2026-01-29 21:24:55,390 INFO  automation.framework.pages.LoginPage - Entering password
2026-01-29 21:24:55,501 INFO  automation.framework.pages.LoginPage - clicking login button
2026-01-29 21:24:57,027 INFO  automation.framework.base.BaseTest - ==========Initializing test execution===========
2026-01-29 21:24:57,028 INFO  automation.framework.base.BaseTest - ===Launching browser===: chrome
2026-01-29 21:25:04,460 INFO  automation.framework.pages.LoginPage - Entering username
2026-01-29 21:25:04,557 INFO  automation.framework.pages.LoginPage - Entering password
2026-01-29 21:25:04,654 INFO  automation.framework.pages.LoginPage - clicking login button
2026-01-29 22:36:09,482 INFO  automation.framework.base.BaseTest - ==========Initializing test execution===========
2026-01-29 22:36:09,482 INFO  automation.framework.base.BaseTest - ==========Initializing test execution===========
2026-01-29 22:36:09,486 INFO  automation.framework.base.BaseTest - ===Launching browser===: chrome
2026-01-29 22:36:09,486 INFO  automation.framework.base.BaseTest - ===Launching browser===: chrome
2026-01-29 22:36:10,361 INFO  automation.framework.base.BaseTest - ==========Initializing test execution===========
2026-01-29 22:36:10,362 INFO  automation.framework.base.BaseTest - ===Launching browser===: chrome
2026-01-29 22:36:18,909 INFO  automation.framework.pages.LoginPage - Entering username
2026-01-29 22:36:19,173 INFO  automation.framework.pages.LoginPage - Entering password
2026-01-29 22:36:19,261 INFO  automation.framework.pages.LoginPage - clicking login button
2026-01-29 22:36:23,217 INFO  automation.framework.pages.LoginPage - Entering username
2026-01-29 22:36:23,327 INFO  automation.framework.pages.LoginPage - Entering password
2026-01-29 22:36:23,430 INFO  automation.framework.pages.LoginPage - clicking login button
2026-01-29 22:36:24,854 INFO  automation.framework.base.BaseTest - ==========Initializing test execution===========
2026-01-29 22:36:24,854 INFO  automation.framework.base.BaseTest - ===Launching browser===: chrome
2026-01-29 22:36:26,512 INFO  automation.framework.pages.LoginPage - Entering username
2026-01-29 22:36:26,638 INFO  automation.framework.pages.LoginPage - Entering password
2026-01-29 22:36:26,732 INFO  automation.framework.pages.LoginPage - clicking login button
2026-01-29 22:36:30,966 INFO  automation.framework.pages.LoginPage - Entering username
2026-01-29 22:36:31,074 INFO  automation.framework.pages.LoginPage - Entering password
2026-01-29 22:36:31,172 INFO  automation.framework.pages.LoginPage - clicking login button
